22:26:16: Creating resource group General
22:26:16: Creating resource group Internal
22:26:16: Creating resource group Autodetect
22:26:16: Registering ResourceManager for type Mesh
22:26:16: Registering ResourceManager for type Material
22:26:16: Registering ResourceManager for type Skeleton
22:26:16: XMLMeshSerializer reading mesh data from /home/milekium/Code/milekium/docker_images/protoros/models/debug_textures/ground_rock22/materials/ogre/Cube.mesh.xml...
22:26:17: Reading geometry...
22:26:18: Geometry done...
22:26:18: Reading submeshes...
22:26:18: Submeshes done.
22:26:18: Reading mesh names...
22:26:18: Mesh names done.
22:26:18: XMLMeshSerializer import successful.
22:26:18: Reorganising vertex buffers to automatic layout...
22:26:18: MeshSerializer writing mesh data to stream ...
22:26:18: File header written.
22:26:18: Writing mesh data...
22:26:18: Writing submesh...
22:26:18: Exporting submesh texture aliases...
22:26:18: Submesh texture aliases exported.
22:26:18: Submesh exported.
22:26:18: Exporting bounds information....
22:26:18: Bounds information exported.
22:26:18: Exporting submesh name table...
22:26:18: Submesh name table exported.
22:26:18: Exporting edge lists...
22:26:18: Edge lists exported
22:26:18: Mesh data exported.
22:26:18: MeshSerializer export successful.
22:26:18: Unregistering ResourceManager for type Skeleton
22:26:18: Unregistering ResourceManager for type Material
22:26:18: Unregistering ResourceManager for type Mesh
